Crashlog created at 2013-06-18 11:37:48 +0200

===== MESSAGE:

Errno::EADDRINUSE: Address already in use - bind(2)

===== COMPILATION STACK:

  (empty)

===== STACK TRACE:

  0. /home/meise/.rbenv/versions/1.9.3-p392/lib/ruby/1.9.1/webrick/utils.rb:85:in `initialize'
  1. /home/meise/.rbenv/versions/1.9.3-p392/lib/ruby/1.9.1/webrick/utils.rb:85:in `new'
  2. /home/meise/.rbenv/versions/1.9.3-p392/lib/ruby/1.9.1/webrick/utils.rb:85:in `block in create_listeners'
  3. /home/meise/.rbenv/versions/1.9.3-p392/lib/ruby/1.9.1/webrick/utils.rb:82:in `each'
  4. /home/meise/.rbenv/versions/1.9.3-p392/lib/ruby/1.9.1/webrick/utils.rb:82:in `create_listeners'
  5. /home/meise/.rbenv/versions/1.9.3-p392/lib/ruby/1.9.1/webrick/server.rb:82:in `listen'
  6. /home/meise/.rbenv/versions/1.9.3-p392/lib/ruby/1.9.1/webrick/server.rb:70:in `initialize'
  7. /home/meise/.rbenv/versions/1.9.3-p392/lib/ruby/1.9.1/webrick/httpserver.rb:45:in `initialize'
  8. /home/meise/.rbenv/versions/1.9.3-p392/lib/ruby/gems/1.9.1/gems/rack-1.5.2/lib/rack/handler/webrick.rb:11:in `new'
  9. /home/meise/.rbenv/versions/1.9.3-p392/lib/ruby/gems/1.9.1/gems/rack-1.5.2/lib/rack/handler/webrick.rb:11:in `run'
  10. /home/meise/.rbenv/versions/1.9.3-p392/lib/ruby/gems/1.9.1/gems/nanoc-3.6.4/lib/nanoc/cli/commands/autocompile.rb:64:in `run'
  11. /home/meise/.rbenv/versions/1.9.3-p392/lib/ruby/gems/1.9.1/gems/nanoc-3.6.4/lib/nanoc/cli/command_runner.rb:14:in `block in call'
  12. /home/meise/.rbenv/versions/1.9.3-p392/lib/ruby/gems/1.9.1/gems/nanoc-3.6.4/lib/nanoc/cli/error_handler.rb:70:in `handle_while'
  13. /home/meise/.rbenv/versions/1.9.3-p392/lib/ruby/gems/1.9.1/gems/nanoc-3.6.4/lib/nanoc/cli/error_handler.rb:26:in `handle_while'
  14. /home/meise/.rbenv/versions/1.9.3-p392/lib/ruby/gems/1.9.1/gems/nanoc-3.6.4/lib/nanoc/cli/command_runner.rb:13:in `call'
  15. /home/meise/.rbenv/versions/1.9.3-p392/lib/ruby/gems/1.9.1/gems/cri-2.3.0/lib/cri/command_dsl.rb:185:in `block in runner'
  16. /home/meise/.rbenv/versions/1.9.3-p392/lib/ruby/gems/1.9.1/gems/cri-2.3.0/lib/cri/command.rb:296:in `call'
  17. /home/meise/.rbenv/versions/1.9.3-p392/lib/ruby/gems/1.9.1/gems/cri-2.3.0/lib/cri/command.rb:296:in `run_this'
  18. /home/meise/.rbenv/versions/1.9.3-p392/lib/ruby/gems/1.9.1/gems/cri-2.3.0/lib/cri/command.rb:249:in `run'
  19. /home/meise/.rbenv/versions/1.9.3-p392/lib/ruby/gems/1.9.1/gems/cri-2.3.0/lib/cri/command.rb:262:in `run'
  20. /home/meise/.rbenv/versions/1.9.3-p392/lib/ruby/gems/1.9.1/gems/nanoc-3.6.4/lib/nanoc/cli.rb:52:in `block in run'
  21. /home/meise/.rbenv/versions/1.9.3-p392/lib/ruby/gems/1.9.1/gems/nanoc-3.6.4/lib/nanoc/cli/error_handler.rb:70:in `handle_while'
  22. /home/meise/.rbenv/versions/1.9.3-p392/lib/ruby/gems/1.9.1/gems/nanoc-3.6.4/lib/nanoc/cli/error_handler.rb:26:in `handle_while'
  23. /home/meise/.rbenv/versions/1.9.3-p392/lib/ruby/gems/1.9.1/gems/nanoc-3.6.4/lib/nanoc/cli.rb:50:in `run'
  24. /home/meise/.rbenv/versions/1.9.3-p392/lib/ruby/gems/1.9.1/gems/nanoc-3.6.4/bin/nanoc:19:in `<top (required)>'
  25. /home/meise/.rbenv/versions/1.9.3-p392/bin/nanoc:23:in `load'
  ... 28 more lines omitted. See full crash log for details.

===== VERSION INFORMATION:

nanoc 3.6.4 © 2007-2013 Denis Defreyne.
Running ruby 1.9.3 (2013-02-22) on x86_64-linux with RubyGems 1.8.23.

===== SYSTEM INFORMATION:

Linux jhahihihi 3.2.0-4-amd64 #1 SMP Debian 3.2.35-2 x86_64 GNU/Linux

===== INSTALLED GEMS:

  Ascii85 1.0.2
  RedCloth 4.2.9
  actionmailer 3.2.13
  actionpack 3.2.13
  activemodel 3.2.13
  activerecord 3.2.13
  activeresource 3.2.13
  activesupport 3.2.13
  acts_as_commentable 4.0.0
  acts_as_indexed 0.8.2
  acts_as_list 0.1.9
  addressable 2.3.3
  adsf 1.1.1
  afm 0.2.0
  annotate 2.5.0
  ansi 1.4.3
  archive-tar-minitar 0.5.2
  arel 3.0.2
  arrayfields 4.9.0
  autoparse 0.3.3
  barista 1.3.0
  bcrypt-ruby 3.0.1
  bigdecimal 1.1.0
  builder 3.0.4, 3.2.2
  bullet 4.4.0
  bundler 1.3.5
  cancan 1.6.9
  capistrano 2.15.2
  capybara 2.0.2
  childprocess 0.3.9
  chronic 0.9.1
  chunky_png 1.2.8
  climate_control 0.0.3
  cocaine 0.5.1
  cocoon 1.1.2
  coderay 1.0.9
  coffee-rails 3.2.2
  coffee-script 2.2.0
  coffee-script-source 1.6.2
  colored 1.2
  columnize 0.3.6
  commonjs 0.2.6
  compass 0.12.2
  contacts 1.2.4
  cri 2.3.0
  database_cleaner 0.9.1
  debugger 1.5.0
  debugger-linecache 1.2.0
  debugger-ruby_core_source 1.2.0
  diff-lcs 1.1.3, 1.2.1
  domain_name 0.5.9
  erubis 2.7.0
  exception_notification 3.0.1
  execjs 1.4.0
  extlib 0.9.16
  factory_girl 2.1.2
  factory_girl_rails 1.2.0
  faraday 0.8.7
  fattr 2.2.1
  ffi 1.5.0
  formtastic 2.1.1
  fssm 0.2.10
  gdata 1.1.1, 1.1.2
  globalize3 0.3.0
  gmail-contacts 0.0.6
  gmail_contacts 2.0
  google-api-client 0.6.3
  google-id-token 1.1.0
  gravatar-ultimate 1.0.3
  haml 4.0.1, 4.0.2, 4.0.3
  hashery 2.1.0
  highline 1.6.18
  hike 1.2.1
  hpricot 0.8.6
  i18n 0.6.1, 0.6.4
  icalendar 1.1.6
  io-console 0.3
  ipaddress 0.8.0
  journey 1.0.4
  jquery-rails 1.0.19, 2.2.1
  json 1.5.5, 1.7.7
  jwt 0.1.8
  kramdown 1.0.2
  launchy 2.2.0
  less 2.2.2
  less-rails 2.2.6
  libv8 3.3.10.4
  linecache19 0.5.12
  lofis 0.0.2
  mail 2.5.3
  main 5.2.0
  map 6.5.1
  markify 0.0.1, 0.1.0, 0.1.1, 0.2.0, 0.2.1
  mechanize 2.5.1
  method_source 0.8.1
  mime-types 1.21, 1.23
  minitest 2.5.1, 4.7.0
  multi_json 1.7.2
  multipart-post 1.2.0
  mysql2 0.3.11
  nanoc 3.6.3, 3.6.4
  nanoc-filesystem-i18n 0.2.0
  net-http-digest_auth 1.2.1
  net-http-persistent 1.9, 2.8
  net-ping 1.6.0
  net-scp 1.1.0
  net-sftp 2.1.1
  net-ssh 2.6.7
  net-ssh-gateway 1.2.0
  nokogiri 1.5.9
  ntlm-http 0.1.1
  paper_trail 2.3.3
  paperclip 2.8.0
  pdf-reader 1.2.0, 1.3.2
  pg 0.14.1
  polyamorous 0.5.0
  polyglot 0.3.3
  prawn 0.12.0
  prawn_rails 0.0.11
  pry 0.9.12
  pry-rails 0.2.2
  psych 1.3.4
  puma 1.6.3
  quiet_assets 1.0.2
  rack 1.4.5, 1.5.2
  rack-cache 1.2
  rack-protection 1.5.0
  rack-ssl 1.3.3
  rack-test 0.6.2
  rails 3.2.13
  rails_config 0.3.2
  railties 3.2.13
  rake 0.9.2.2, 10.0.3, 10.0.4
  ransack 0.7.2
  rdoc 3.9.5, 3.12.2
  redcarpet 2.2.2
  ri_cal 0.8.8
  rspec 2.11.0
  rspec-core 2.11.1, 2.13.1
  rspec-expectations 2.11.3, 2.13.0
  rspec-mocks 2.11.3, 2.13.0
  rspec-rails 2.13.0
  ruboto 0.11.0
  ruby-debug-base19 0.11.25
  ruby-debug19 0.11.6
  ruby-rc4 0.1.5
  ruby_core_source 0.1.5
  rubyzip 0.9.9
  rvm-capistrano 1.3.0
  sass 3.2.7, 3.2.9
  sass-rails 3.2.6
  selenium-webdriver 2.31.0
  sequel 3.46.0
  settingslogic 2.0.9
  shotgun 0.9
  signet 0.4.5
  simplecov 0.7.1
  simplecov-html 0.7.1
  sinatra 1.4.3
  slop 3.4.4
  sprockets 2.2.2
  sqlite3 1.3.7
  squeel 1.0.18
  therubyracer 0.10.2
  thor 0.17.0
  tilt 1.3.6, 1.4.1
  timetrap 1.8.6
  transitions 0.1.8
  treetop 1.4.12
  ttfunk 1.0.3
  turn 0.9.6
  twitter-bootstrap-rails 2.2.6
  tzinfo 0.3.37
  uglifier 1.3.0
  unf 0.1.0
  unf_ext 0.0.6
  uniform_notifier 1.2.0
  uuidtools 2.1.4
  watchr 0.7
  webrobots 0.1.1
  websocket 1.0.7
  whenever 0.8.2
  will_paginate 3.0.4
  xmpp4r 0.5
  xpath 1.0.0
  yaml_db 0.2.3

===== ENVIRONMENT:

DBUS_SESSION_BUS_ADDRESS => "unix:abstract=/tmp/dbus-XoMwaMBp8c,guid=4f07998a51ce7d7c7e7cf6855174e8c5"
DESKTOP_STARTUP_ID => "i3/i3-sensible-terminal/19328-20-jhahihihi_TIME613024270"
DISPLAY => ":0.0"
EDITOR => "vim"
GIT_AUTHOR_EMAIL => "daniel@3st.be"
GIT_AUTHOR_NAME => "Daniel Meißner"
GNOME_KEYRING_CONTROL => "/home/meise/.cache/keyring-L2USmD"
GNOME_KEYRING_PID => "19318"
HOME => "/home/meise"
LANG => "en_GB.UTF-8"
LANGUAGE => "en_GB:en"
LESS => "SRMwi"
LESS_TERMCAP_mb => "\e[01;31m"
LESS_TERMCAP_md => "\e[01;31m"
LESS_TERMCAP_me => "\e[0m"
LESS_TERMCAP_se => "\e[0m"
LESS_TERMCAP_so => "\e[01;44;33m"
LESS_TERMCAP_ue => "\e[0m"
LESS_TERMCAP_us => "\e[01;32m"
LOGNAME => "meise"
LS_COLORS => "rs=0:di=01;34:ln=01;36:mh=00:pi=40;33:so=01;35:do=01;35:bd=40;33;01:cd=40;33;01:or=40;31;01:su=37;41:sg=30;43:ca=30;41:tw=30;42:ow=34;42:st=37;44:ex=01;32:*.tar=01;31:*.tgz=01;31:*.arj=01;31:*.taz=01;31:*.lzh=01;31:*.lzma=01;31:*.tlz=01;31:*.txz=01;31:*.zip=01;31:*.z=01;31:*.Z=01;31:*.dz=01;31:*.gz=01;31:*.lz=01;31:*.xz=01;31:*.bz2=01;31:*.bz=01;31:*.tbz=01;31:*.tbz2=01;31:*.tz=01;31:*.deb=01;31:*.rpm=01;31:*.jar=01;31:*.war=01;31:*.ear=01;31:*.sar=01;31:*.rar=01;31:*.ace=01;31:*.zoo=01;31:*.cpio=01;31:*.7z=01;31:*.rz=01;31:*.jpg=01;35:*.jpeg=01;35:*.gif=01;35:*.bmp=01;35:*.pbm=01;35:*.pgm=01;35:*.ppm=01;35:*.tga=01;35:*.xbm=01;35:*.xpm=01;35:*.tif=01;35:*.tiff=01;35:*.png=01;35:*.svg=01;35:*.svgz=01;35:*.mng=01;35:*.pcx=01;35:*.mov=01;35:*.mpg=01;35:*.mpeg=01;35:*.m2v=01;35:*.mkv=01;35:*.webm=01;35:*.ogm=01;35:*.mp4=01;35:*.m4v=01;35:*.mp4v=01;35:*.vob=01;35:*.qt=01;35:*.nuv=01;35:*.wmv=01;35:*.asf=01;35:*.rm=01;35:*.rmvb=01;35:*.flc=01;35:*.avi=01;35:*.fli=01;35:*.flv=01;35:*.gl=01;35:*.dl=01;35:*.xcf=01;35:*.xwd=01;35:*.yuv=01;35:*.cgm=01;35:*.emf=01;35:*.axv=01;35:*.anx=01;35:*.ogv=01;35:*.ogx=01;35:*.aac=00;36:*.au=00;36:*.flac=00;36:*.mid=00;36:*.midi=00;36:*.mka=00;36:*.mp3=00;36:*.mpc=00;36:*.ogg=00;36:*.ra=00;36:*.wav=00;36:*.axa=00;36:*.oga=00;36:*.spx=00;36:*.xspf=00;36:"
MAIL => "/var/mail/meise"
MANPATH => "/home/meise/.nvm/v0.8.12/share/man:"
NVM_BIN => "/home/meise/.nvm/v0.8.12/bin"
NVM_DIR => "/home/meise/.nvm"
NVM_PATH => "/home/meise/.nvm/v0.8.12/lib/node"
PAGER => "zless"
PATH => "/home/meise/.rbenv/versions/1.9.3-p392/bin:/home/meise/.rbenv/libexec:/home/meise/.rbenv/plugins/ruby-build/bin:/home/meise/.nvm/v0.8.12/bin:/home/meise/.rbenv/shims:/home/meise/.rbenv/bin:/usr/local/bin:/usr/bin:/bin:/usr/local/games:/usr/games"
PROMPT => "%{\e[32m%}%n%{\e[35m%}@%{\e[32m%}%m:%{\e[35m%}%~%{\e[33m%}$%{\e(B\e[m%} "
PWD => "/home/meise/projects/voc/frontends/sigint13"
RBENV_DIR => "/home/meise/projects/voc/frontends/sigint13"
RBENV_HOOK_PATH => ":/home/meise/.rbenv/rbenv.d:/usr/local/etc/rbenv.d:/etc/rbenv.d:/usr/lib/rbenv/hooks"
RBENV_ROOT => "/home/meise/.rbenv"
RBENV_VERSION => "1.9.3-p392"
RPROMPT => "20%D %*"
SHELL => "/bin/zsh"
SHLVL => "1"
SSH_AGENT_PID => "19384"
SSH_AUTH_SOCK => "/tmp/ssh-htO9n5z3P6cB/agent.19328"
TERM => "xterm-256color"
USER => "meise"
VIRSH_DEFAULT_CONNECT_URI => "qemu:///system"
WINDOWID => "29360143"
XAUTHORITY => "/home/meise/.Xauthority"
XDG_SESSION_COOKIE => "e0c022223391ea105b8e727150647e0a-1366616261.428530-383377197"
XTERM_LOCALE => "en_GB.UTF-8"
XTERM_SHELL => "/bin/zsh"
XTERM_VERSION => "XTerm(278)"

===== LOAD PATHS:

  0. /home/meise/.rbenv/versions/1.9.3-p392/lib/ruby/gems/1.9.1/gems/nanoc-3.6.4/lib
  1. /home/meise/.rbenv/versions/1.9.3-p392/lib/ruby/gems/1.9.1/gems/colored-1.2/lib
  2. /home/meise/.rbenv/versions/1.9.3-p392/lib/ruby/gems/1.9.1/gems/cri-2.3.0/lib
  3. /home/meise/.rbenv/versions/1.9.3-p392/lib/ruby/gems/1.9.1/gems/nanoc-3.6.4/lib
  4. /home/meise/.rbenv/versions/1.9.3-p392/lib/ruby/gems/1.9.1/gems/bundler-1.3.5/lib
  5. /home/meise/.rbenv/versions/1.9.3-p392/lib/ruby/gems/1.9.1/gems/rack-1.5.2/lib
  6. /home/meise/.rbenv/versions/1.9.3-p392/lib/ruby/gems/1.9.1/gems/mime-types-1.23/lib
  7. /home/meise/.rbenv/versions/1.9.3-p392/lib/ruby/site_ruby/1.9.1
  8. /home/meise/.rbenv/versions/1.9.3-p392/lib/ruby/site_ruby/1.9.1/x86_64-linux
  9. /home/meise/.rbenv/versions/1.9.3-p392/lib/ruby/site_ruby
  10. /home/meise/.rbenv/versions/1.9.3-p392/lib/ruby/vendor_ruby/1.9.1
  11. /home/meise/.rbenv/versions/1.9.3-p392/lib/ruby/vendor_ruby/1.9.1/x86_64-linux
  12. /home/meise/.rbenv/versions/1.9.3-p392/lib/ruby/vendor_ruby
  13. /home/meise/.rbenv/versions/1.9.3-p392/lib/ruby/1.9.1
  14. /home/meise/.rbenv/versions/1.9.3-p392/lib/ruby/1.9.1/x86_64-linux
